<?xml version="1.0" encoding="UTF-8"?>
<testsuite name="org.example.Scheduler1Test" tests="1" skipped="0" failures="0" errors="0" timestamp="2023-11-01T08:26:12" hostname="adminui-MacBookPro.local" time="0.103">
  <properties/>
  <testcase name="fluxMapWithPublishOn()" classname="org.example.Scheduler1Test" time="0.103"/>
  <system-out><![CDATA[[ INFO] (Test worker) | onSubscribe([Fuseable] FluxMapFuseable.MapFuseableSubscriber)
[ INFO] (Test worker) | onSubscribe([Fuseable] FluxPublishOn.PublishOnSubscriber)
[ INFO] (Test worker) | onSubscribe([Fuseable] FluxPublishOn.PublishOnSubscriber)
[ INFO] (Test worker) | request(unbounded)
[ INFO] (Test worker) | request(256)
[ INFO] (Test worker) | request(256)
[ INFO] (Test worker) | onNext(2)
[ INFO] (Test worker) | onNext(3)
[ INFO] (boundedElastic-1) | onNext(2)
[ INFO] (Test worker) | onNext(4)
[ INFO] (boundedElastic-1) | onNext(3)
[ INFO] (Test worker) | onNext(5)
[ INFO] (parallel-1) | onNext(2)
[ INFO] (boundedElastic-1) | onNext(4)
[ INFO] (Test worker) | onNext(6)
[ INFO] (parallel-1) | onNext(3)
[ INFO] (Test worker) | onNext(7)
[ INFO] (parallel-1) | onNext(4)
[ INFO] (boundedElastic-1) | onNext(5)
[ INFO] (Test worker) | onNext(8)
[ INFO] (boundedElastic-1) | onNext(6)
[ INFO] (parallel-1) | onNext(5)
[ INFO] (Test worker) | onNext(9)
[ INFO] (boundedElastic-1) | onNext(7)
[ INFO] (parallel-1) | onNext(6)
[ INFO] (boundedElastic-1) | onNext(8)
[ INFO] (Test worker) | onNext(10)
[ INFO] (parallel-1) | onNext(7)
[ INFO] (boundedElastic-1) | onNext(9)
[ INFO] (Test worker) | onNext(11)
[ INFO] (parallel-1) | onNext(8)
[ INFO] (boundedElastic-1) | onNext(10)
[ INFO] (parallel-1) | onNext(9)
[ INFO] (boundedElastic-1) | onNext(11)
[ INFO] (Test worker) | onComplete()
[ INFO] (parallel-1) | onNext(10)
[ INFO] (boundedElastic-1) | onComplete()
[ INFO] (parallel-1) | onNext(11)
[ INFO] (parallel-1) | onComplete()
]]></system-out>
  <system-err><![CDATA[]]></system-err>
</testsuite>
